Analysis & Synthesis report for ControlUnit
Tue May 04 17:36:33 2021
Quartus II 64-Bit Version 13.0.1 Build 232 06/12/2013 Service Pack 1 SJ Web Edition


---------------------
; Table of Contents ;
---------------------
  1. Legal Notice
  2. Analysis & Synthesis Summary
  3. Analysis & Synthesis Settings
  4. Parallel Compilation
  5. Analysis & Synthesis Source Files Read
  6. Analysis & Synthesis Resource Usage Summary
  7. Analysis & Synthesis Resource Utilization by Entity
  8. State Machine - |ControlUnit|triscFSM1:inst|state
  9. User-Specified and Inferred Latches
 10. Registers Removed During Synthesis
 11. General Register Statistics
 12. Multiplexer Restructuring Statistics (Restructuring Performed)
 13. Parameter Settings for User Entity Instance: triscFSM1:inst
 14. Elapsed Time Per Partition
 15. Analysis & Synthesis Messages



----------------
; Legal Notice ;
----------------
Copyright (C) 1991-2013 Altera Corporation
Your use of Altera Corporation's design tools, logic functions 
and other software and tools, and its AMPP partner logic 
functions, and any output files from any of the foregoing 
(including device programming or simulation files), and any 
associated documentation or information are expressly subject 
to the terms and conditions of the Altera Program License 
Subscription Agreement, Altera MegaCore Function License 
Agreement, or other applicable license agreement, including, 
without limitation, that your use is for the sole purpose of 
programming logic devices manufactured by Altera and sold by 
Altera or its authorized distributors.  Please refer to the 
applicable agreement for further details.



+--------------------------------------------------------------------------------------+
; Analysis & Synthesis Summary                                                         ;
+------------------------------------+-------------------------------------------------+
; Analysis & Synthesis Status        ; Successful - Tue May 04 17:36:33 2021           ;
; Quartus II 64-Bit Version          ; 13.0.1 Build 232 06/12/2013 SP 1 SJ Web Edition ;
; Revision Name                      ; ControlUnit                                     ;
; Top-level Entity Name              ; ControlUnit                                     ;
; Family                             ; Cyclone II                                      ;
; Total logic elements               ; 60                                              ;
;     Total combinational functions  ; 59                                              ;
;     Dedicated logic registers      ; 22                                              ;
; Total registers                    ; 22                                              ;
; Total pins                         ; 20                                              ;
; Total virtual pins                 ; 0                                               ;
; Total memory bits                  ; 0                                               ;
; Embedded Multiplier 9-bit elements ; 0                                               ;
; Total PLLs                         ; 0                                               ;
+------------------------------------+-------------------------------------------------+


+----------------------------------------------------------------------------------------------------------------------+
; Analysis & Synthesis Settings                                                                                        ;
+----------------------------------------------------------------------------+--------------------+--------------------+
; Option                                                                     ; Setting            ; Default Value      ;
+----------------------------------------------------------------------------+--------------------+--------------------+
; Device                                                                     ; EP2C20F484C7       ;                    ;
; Top-level entity name                                                      ; ControlUnit        ; ControlUnit        ;
; Family name                                                                ; Cyclone II         ; Cyclone IV GX      ;
; Use smart compilation                                                      ; Off                ; Off                ;
; Enable parallel Assembler and TimeQuest Timing Analyzer during compilation ; On                 ; On                 ;
; Enable compact report table                                                ; Off                ; Off                ;
; Restructure Multiplexers                                                   ; Auto               ; Auto               ;
; Create Debugging Nodes for IP Cores                                        ; Off                ; Off                ;
; Preserve fewer node names                                                  ; On                 ; On                 ;
; Disable OpenCore Plus hardware evaluation                                  ; Off                ; Off                ;
; Verilog Version                                                            ; Verilog_2001       ; Verilog_2001       ;
; VHDL Version                                                               ; VHDL_1993          ; VHDL_1993          ;
; State Machine Processing                                                   ; Auto               ; Auto               ;
; Safe State Machine                                                         ; Off                ; Off                ;
; Extract Verilog State Machines                                             ; On                 ; On                 ;
; Extract VHDL State Machines                                                ; On                 ; On                 ;
; Ignore Verilog initial constructs                                          ; Off                ; Off                ;
; Iteration limit for constant Verilog loops                                 ; 5000               ; 5000               ;
; Iteration limit for non-constant Verilog loops                             ; 250                ; 250                ;
; Add Pass-Through Logic to Inferred RAMs                                    ; On                 ; On                 ;
; Infer RAMs from Raw Logic                                                  ; On                 ; On                 ;
; Parallel Synthesis                                                         ; On                 ; On                 ;
; DSP Block Balancing                                                        ; Auto               ; Auto               ;
; NOT Gate Push-Back                                                         ; On                 ; On                 ;
; Power-Up Don't Care                                                        ; On                 ; On                 ;
; Remove Redundant Logic Cells                                               ; Off                ; Off                ;
; Remove Duplicate Registers                                                 ; On                 ; On                 ;
; Ignore CARRY Buffers                                                       ; Off                ; Off                ;
; Ignore CASCADE Buffers                                                     ; Off                ; Off                ;
; Ignore GLOBAL Buffers                                                      ; Off                ; Off                ;
; Ignore ROW GLOBAL Buffers                                                  ; Off                ; Off                ;
; Ignore LCELL Buffers                                                       ; Off                ; Off                ;
; Ignore SOFT Buffers                                                        ; On                 ; On                 ;
; Limit AHDL Integers to 32 Bits                                             ; Off                ; Off                ;
; Optimization Technique                                                     ; Balanced           ; Balanced           ;
; Carry Chain Length                                                         ; 70                 ; 70                 ;
; Auto Carry Chains                                                          ; On                 ; On                 ;
; Auto Open-Drain Pins                                                       ; On                 ; On                 ;
; Perform WYSIWYG Primitive Resynthesis                                      ; Off                ; Off                ;
; Auto ROM Replacement                                                       ; On                 ; On                 ;
; Auto RAM Replacement                                                       ; On                 ; On                 ;
; Auto Shift Register Replacement                                            ; Auto               ; Auto               ;
; Allow Shift Register Merging across Hierarchies                            ; Auto               ; Auto               ;
; Auto Clock Enable Replacement                                              ; On                 ; On                 ;
; Strict RAM Replacement                                                     ; Off                ; Off                ;
; Allow Synchronous Control Signals                                          ; On                 ; On                 ;
; Force Use of Synchronous Clear Signals                                     ; Off                ; Off                ;
; Auto RAM to Logic Cell Conversion                                          ; Off                ; Off                ;
; Auto Resource Sharing                                                      ; Off                ; Off                ;
; Allow Any RAM Size For Recognition                                         ; Off                ; Off                ;
; Allow Any ROM Size For Recognition                                         ; Off                ; Off                ;
; Allow Any Shift Register Size For Recognition                              ; Off                ; Off                ;
; Use LogicLock Constraints during Resource Balancing                        ; On                 ; On                 ;
; Ignore translate_off and synthesis_off directives                          ; Off                ; Off                ;
; Timing-Driven Synthesis                                                    ; Off                ; Off                ;
; Report Parameter Settings                                                  ; On                 ; On                 ;
; Report Source Assignments                                                  ; On                 ; On                 ;
; Report Connectivity Checks                                                 ; On                 ; On                 ;
; Ignore Maximum Fan-Out Assignments                                         ; Off                ; Off                ;
; Synchronization Register Chain Length                                      ; 2                  ; 2                  ;
; PowerPlay Power Optimization                                               ; Normal compilation ; Normal compilation ;
; HDL message level                                                          ; Level2             ; Level2             ;
; Suppress Register Optimization Related Messages                            ; Off                ; Off                ;
; Number of Removed Registers Reported in Synthesis Report                   ; 5000               ; 5000               ;
; Number of Swept Nodes Reported in Synthesis Report                         ; 5000               ; 5000               ;
; Number of Inverted Registers Reported in Synthesis Report                  ; 100                ; 100                ;
; Clock MUX Protection                                                       ; On                 ; On                 ;
; Auto Gated Clock Conversion                                                ; Off                ; Off                ;
; Block Design Naming                                                        ; Auto               ; Auto               ;
; SDC constraint protection                                                  ; Off                ; Off                ;
; Synthesis Effort                                                           ; Auto               ; Auto               ;
; Shift Register Replacement - Allow Asynchronous Clear Signal               ; On                 ; On                 ;
; Pre-Mapping Resynthesis Optimization                                       ; Off                ; Off                ;
; Analysis & Synthesis Message Level                                         ; Medium             ; Medium             ;
; Disable Register Merging Across Hierarchies                                ; Auto               ; Auto               ;
; Resource Aware Inference For Block RAM                                     ; On                 ; On                 ;
; Synthesis Seed                                                             ; 1                  ; 1                  ;
+----------------------------------------------------------------------------+--------------------+--------------------+


Parallel compilation was disabled, but you have multiple processors available. Enable parallel compilation to reduce compilation time.
+-------------------------------------+
; Parallel Compilation                ;
+----------------------------+--------+
; Processors                 ; Number ;
+----------------------------+--------+
; Number detected on machine ; 6      ;
; Maximum allowed            ; 1      ;
+----------------------------+--------+


+-----------------------------------------------------------------------------------------------------------------------------------------------------------------------------+
; Analysis & Synthesis Source Files Read                                                                                                                                      ;
+----------------------------------+-----------------+------------------------------------+-------------------------------------------------------------------------+---------+
; File Name with User-Entered Path ; Used in Netlist ; File Type                          ; File Name with Absolute Path                                            ; Library ;
+----------------------------------+-----------------+------------------------------------+-------------------------------------------------------------------------+---------+
; ../Lab10/LabTen.v                ; yes             ; User Verilog HDL File              ; C:/Users/justu/Desktop/Spring 2021/CSE 2441/Lab10/LabTen.v              ;         ;
; ../Controller/triscFSM1.v        ; yes             ; User Verilog HDL File              ; C:/Users/justu/Desktop/Spring 2021/CSE 2441/Controller/triscFSM1.v      ;         ;
; ControlUnit.bdf                  ; yes             ; User Block Diagram/Schematic File  ; C:/Users/justu/Desktop/Spring 2021/CSE 2441/ControlUnit/ControlUnit.bdf ;         ;
+----------------------------------+-----------------+------------------------------------+-------------------------------------------------------------------------+---------+


+-----------------------------------------------------+
; Analysis & Synthesis Resource Usage Summary         ;
+---------------------------------------------+-------+
; Resource                                    ; Usage ;
+---------------------------------------------+-------+
; Estimated Total logic elements              ; 60    ;
;                                             ;       ;
; Total combinational functions               ; 59    ;
; Logic element usage by number of LUT inputs ;       ;
;     -- 4 input functions                    ; 23    ;
;     -- 3 input functions                    ; 32    ;
;     -- <=2 input functions                  ; 4     ;
;                                             ;       ;
; Logic elements by mode                      ;       ;
;     -- normal mode                          ; 59    ;
;     -- arithmetic mode                      ; 0     ;
;                                             ;       ;
; Total registers                             ; 22    ;
;     -- Dedicated logic registers            ; 22    ;
;     -- I/O registers                        ; 0     ;
;                                             ;       ;
; I/O pins                                    ; 20    ;
; Embedded Multiplier 9-bit elements          ; 0     ;
; Maximum fan-out node                        ; CLOCK ;
; Maximum fan-out                             ; 22    ;
; Total fan-out                               ; 273   ;
; Average fan-out                             ; 2.70  ;
+---------------------------------------------+-------+


+-------------------------------------------------------------------------------------------------------------------------------------------------------------------------------------+
; Analysis & Synthesis Resource Utilization by Entity                                                                                                                                 ;
+----------------------------+-------------------+--------------+-------------+--------------+---------+-----------+------+--------------+-----------------------------+--------------+
; Compilation Hierarchy Node ; LC Combinationals ; LC Registers ; Memory Bits ; DSP Elements ; DSP 9x9 ; DSP 18x18 ; Pins ; Virtual Pins ; Full Hierarchy Name         ; Library Name ;
+----------------------------+-------------------+--------------+-------------+--------------+---------+-----------+------+--------------+-----------------------------+--------------+
; |ControlUnit               ; 59 (0)            ; 22 (0)       ; 0           ; 0            ; 0       ; 0         ; 20   ; 0            ; |ControlUnit                ; work         ;
;    |LabTen:inst2|          ; 13 (13)           ; 0 (0)        ; 0           ; 0            ; 0       ; 0         ; 0    ; 0            ; |ControlUnit|LabTen:inst2   ; work         ;
;    |triscFSM1:inst|        ; 46 (46)           ; 22 (22)      ; 0           ; 0            ; 0       ; 0         ; 0    ; 0            ; |ControlUnit|triscFSM1:inst ; work         ;
+----------------------------+-------------------+--------------+-------------+--------------+---------+-----------+------+--------------+-----------------------------+--------------+
Note: For table entries with two numbers listed, the numbers in parentheses indicate the number of resources of the given type used by the specific entity alone. The numbers listed outside of parentheses indicate the total resources of the given type used by the specific entity and all of its sub-entities in the hierarchy.


Encoding Type:  One-Hot
+-------------------------------------------------------------------------------------------------------------------------------------------------------------------------------------------------------------------------------------+
; State Machine - |ControlUnit|triscFSM1:inst|state                                                                                                                                                                                   ;
+---------+---------+---------+---------+---------+---------+---------+---------+---------+---------+---------+---------+---------+---------+---------+---------+---------+---------+---------+---------+---------+---------+---------+
; Name    ; state.V ; state.U ; state.T ; state.S ; state.R ; state.Q ; state.P ; state.O ; state.N ; state.M ; state.L ; state.K ; state.J ; state.I ; state.H ; state.G ; state.F ; state.E ; state.D ; state.C ; state.B ; state.A ;
+---------+---------+---------+---------+---------+---------+---------+---------+---------+---------+---------+---------+---------+---------+---------+---------+---------+---------+---------+---------+---------+---------+---------+
; state.A ; 0       ; 0       ; 0       ; 0       ; 0       ; 0       ; 0       ; 0       ; 0       ; 0       ; 0       ; 0       ; 0       ; 0       ; 0       ; 0       ; 0       ; 0       ; 0       ; 0       ; 0       ; 0       ;
; state.B ; 0       ; 0       ; 0       ; 0       ; 0       ; 0       ; 0       ; 0       ; 0       ; 0       ; 0       ; 0       ; 0       ; 0       ; 0       ; 0       ; 0       ; 0       ; 0       ; 0       ; 1       ; 1       ;
; state.C ; 0       ; 0       ; 0       ; 0       ; 0       ; 0       ; 0       ; 0       ; 0       ; 0       ; 0       ; 0       ; 0       ; 0       ; 0       ; 0       ; 0       ; 0       ; 0       ; 1       ; 0       ; 1       ;
; state.D ; 0       ; 0       ; 0       ; 0       ; 0       ; 0       ; 0       ; 0       ; 0       ; 0       ; 0       ; 0       ; 0       ; 0       ; 0       ; 0       ; 0       ; 0       ; 1       ; 0       ; 0       ; 1       ;
; state.E ; 0       ; 0       ; 0       ; 0       ; 0       ; 0       ; 0       ; 0       ; 0       ; 0       ; 0       ; 0       ; 0       ; 0       ; 0       ; 0       ; 0       ; 1       ; 0       ; 0       ; 0       ; 1       ;
; state.F ; 0       ; 0       ; 0       ; 0       ; 0       ; 0       ; 0       ; 0       ; 0       ; 0       ; 0       ; 0       ; 0       ; 0       ; 0       ; 0       ; 1       ; 0       ; 0       ; 0       ; 0       ; 1       ;
; state.G ; 0       ; 0       ; 0       ; 0       ; 0       ; 0       ; 0       ; 0       ; 0       ; 0       ; 0       ; 0       ; 0       ; 0       ; 0       ; 1       ; 0       ; 0       ; 0       ; 0       ; 0       ; 1       ;
; state.H ; 0       ; 0       ; 0       ; 0       ; 0       ; 0       ; 0       ; 0       ; 0       ; 0       ; 0       ; 0       ; 0       ; 0       ; 1       ; 0       ; 0       ; 0       ; 0       ; 0       ; 0       ; 1       ;
; state.I ; 0       ; 0       ; 0       ; 0       ; 0       ; 0       ; 0       ; 0       ; 0       ; 0       ; 0       ; 0       ; 0       ; 1       ; 0       ; 0       ; 0       ; 0       ; 0       ; 0       ; 0       ; 1       ;
; state.J ; 0       ; 0       ; 0       ; 0       ; 0       ; 0       ; 0       ; 0       ; 0       ; 0       ; 0       ; 0       ; 1       ; 0       ; 0       ; 0       ; 0       ; 0       ; 0       ; 0       ; 0       ; 1       ;
; state.K ; 0       ; 0       ; 0       ; 0       ; 0       ; 0       ; 0       ; 0       ; 0       ; 0       ; 0       ; 1       ; 0       ; 0       ; 0       ; 0       ; 0       ; 0       ; 0       ; 0       ; 0       ; 1       ;
; state.L ; 0       ; 0       ; 0       ; 0       ; 0       ; 0       ; 0       ; 0       ; 0       ; 0       ; 1       ; 0       ; 0       ; 0       ; 0       ; 0       ; 0       ; 0       ; 0       ; 0       ; 0       ; 1       ;
; state.M ; 0       ; 0       ; 0       ; 0       ; 0       ; 0       ; 0       ; 0       ; 0       ; 1       ; 0       ; 0       ; 0       ; 0       ; 0       ; 0       ; 0       ; 0       ; 0       ; 0       ; 0       ; 1       ;
; state.N ; 0       ; 0       ; 0       ; 0       ; 0       ; 0       ; 0       ; 0       ; 1       ; 0       ; 0       ; 0       ; 0       ; 0       ; 0       ; 0       ; 0       ; 0       ; 0       ; 0       ; 0       ; 1       ;
; state.O ; 0       ; 0       ; 0       ; 0       ; 0       ; 0       ; 0       ; 1       ; 0       ; 0       ; 0       ; 0       ; 0       ; 0       ; 0       ; 0       ; 0       ; 0       ; 0       ; 0       ; 0       ; 1       ;
; state.P ; 0       ; 0       ; 0       ; 0       ; 0       ; 0       ; 1       ; 0       ; 0       ; 0       ; 0       ; 0       ; 0       ; 0       ; 0       ; 0       ; 0       ; 0       ; 0       ; 0       ; 0       ; 1       ;
; state.Q ; 0       ; 0       ; 0       ; 0       ; 0       ; 1       ; 0       ; 0       ; 0       ; 0       ; 0       ; 0       ; 0       ; 0       ; 0       ; 0       ; 0       ; 0       ; 0       ; 0       ; 0       ; 1       ;
; state.R ; 0       ; 0       ; 0       ; 0       ; 1       ; 0       ; 0       ; 0       ; 0       ; 0       ; 0       ; 0       ; 0       ; 0       ; 0       ; 0       ; 0       ; 0       ; 0       ; 0       ; 0       ; 1       ;
; state.S ; 0       ; 0       ; 0       ; 1       ; 0       ; 0       ; 0       ; 0       ; 0       ; 0       ; 0       ; 0       ; 0       ; 0       ; 0       ; 0       ; 0       ; 0       ; 0       ; 0       ; 0       ; 1       ;
; state.T ; 0       ; 0       ; 1       ; 0       ; 0       ; 0       ; 0       ; 0       ; 0       ; 0       ; 0       ; 0       ; 0       ; 0       ; 0       ; 0       ; 0       ; 0       ; 0       ; 0       ; 0       ; 1       ;
; state.U ; 0       ; 1       ; 0       ; 0       ; 0       ; 0       ; 0       ; 0       ; 0       ; 0       ; 0       ; 0       ; 0       ; 0       ; 0       ; 0       ; 0       ; 0       ; 0       ; 0       ; 0       ; 1       ;
; state.V ; 1       ; 0       ; 0       ; 0       ; 0       ; 0       ; 0       ; 0       ; 0       ; 0       ; 0       ; 0       ; 0       ; 0       ; 0       ; 0       ; 0       ; 0       ; 0       ; 0       ; 0       ; 1       ;
+---------+---------+---------+---------+---------+---------+---------+---------+---------+---------+---------+---------+---------+---------+---------+---------+---------+---------+---------+---------+---------+---------+---------+


+----------------------------------------------------------------------------------------------------------+
; User-Specified and Inferred Latches                                                                      ;
+-----------------------------------------------------+---------------------------+------------------------+
; Latch Name                                          ; Latch Enable Signal       ; Free of Timing Hazards ;
+-----------------------------------------------------+---------------------------+------------------------+
; triscFSM1:inst|nextstate.H_767                      ; GND                       ; yes                    ;
; triscFSM1:inst|nextstate.E_818                      ; triscFSM1:inst|Selector29 ; yes                    ;
; triscFSM1:inst|nextstate.I_751                      ; GND                       ; yes                    ;
; triscFSM1:inst|nextstate.J_735                      ; triscFSM1:inst|Selector29 ; yes                    ;
; triscFSM1:inst|nextstate.K_716                      ; triscFSM1:inst|Selector29 ; yes                    ;
; triscFSM1:inst|nextstate.M_678                      ; GND                       ; yes                    ;
; triscFSM1:inst|nextstate.N_662                      ; triscFSM1:inst|Selector29 ; yes                    ;
; triscFSM1:inst|nextstate.O_643                      ; triscFSM1:inst|Selector29 ; yes                    ;
; triscFSM1:inst|nextstate.P_624                      ; GND                       ; yes                    ;
; triscFSM1:inst|nextstate.Q_608                      ; triscFSM1:inst|Selector29 ; yes                    ;
; triscFSM1:inst|nextstate.R_589                      ; triscFSM1:inst|Selector29 ; yes                    ;
; triscFSM1:inst|nextstate.C_856                      ; triscFSM1:inst|Selector29 ; yes                    ;
; triscFSM1:inst|nextstate.D_837                      ; triscFSM1:inst|Selector29 ; yes                    ;
; triscFSM1:inst|nextstate.G_783                      ; GND                       ; yes                    ;
; triscFSM1:inst|nextstate.F_799                      ; GND                       ; yes                    ;
; triscFSM1:inst|nextstate.L_697                      ; triscFSM1:inst|Selector29 ; yes                    ;
; triscFSM1:inst|nextstate.U_532                      ; triscFSM1:inst|Selector29 ; yes                    ;
; triscFSM1:inst|nextstate.V_513                      ; triscFSM1:inst|Selector29 ; yes                    ;
; LabTen:inst2|JMP                                    ; LabTen:inst2|WideOr1      ; yes                    ;
; LabTen:inst2|CLR                                    ; LabTen:inst2|WideOr1      ; yes                    ;
; LabTen:inst2|INC                                    ; LabTen:inst2|WideOr1      ; yes                    ;
; LabTen:inst2|ADD                                    ; LabTen:inst2|WideOr1      ; yes                    ;
; LabTen:inst2|STA                                    ; LabTen:inst2|WideOr1      ; yes                    ;
; LabTen:inst2|LDA                                    ; LabTen:inst2|WideOr1      ; yes                    ;
; triscFSM1:inst|nextstate.B_875                      ; triscFSM1:inst|Selector29 ; yes                    ;
; triscFSM1:inst|nextstate.T_551                      ; triscFSM1:inst|Selector29 ; yes                    ;
; triscFSM1:inst|nextstate.S_570                      ; triscFSM1:inst|Selector29 ; yes                    ;
; Number of user-specified and inferred latches = 27  ;                           ;                        ;
+-----------------------------------------------------+---------------------------+------------------------+
Note: All latches listed above may not be present at the end of synthesis due to various synthesis optimizations.


+------------------------------------------------------------+
; Registers Removed During Synthesis                         ;
+---------------------------------------+--------------------+
; Register name                         ; Reason for Removal ;
+---------------------------------------+--------------------+
; triscFSM1:inst|state~4                ; Lost fanout        ;
; triscFSM1:inst|state~5                ; Lost fanout        ;
; triscFSM1:inst|state~6                ; Lost fanout        ;
; triscFSM1:inst|state~7                ; Lost fanout        ;
; triscFSM1:inst|state~8                ; Lost fanout        ;
; Total Number of Removed Registers = 5 ;                    ;
+---------------------------------------+--------------------+


+------------------------------------------------------+
; General Register Statistics                          ;
+----------------------------------------------+-------+
; Statistic                                    ; Value ;
+----------------------------------------------+-------+
; Total registers                              ; 22    ;
; Number of registers using Synchronous Clear  ; 0     ;
; Number of registers using Synchronous Load   ; 0     ;
; Number of registers using Asynchronous Clear ; 22    ;
; Number of registers using Asynchronous Load  ; 0     ;
; Number of registers using Clock Enable       ; 0     ;
; Number of registers using Preset             ; 0     ;
+----------------------------------------------+-------+


+-------------------------------------------------------------------------------------------------------------------------------------------------------+
; Multiplexer Restructuring Statistics (Restructuring Performed)                                                                                        ;
+--------------------+-----------+---------------+----------------------+------------------------+------------+-----------------------------------------+
; Multiplexer Inputs ; Bus Width ; Baseline Area ; Area if Restructured ; Saving if Restructured ; Registered ; Example Multiplexer Output              ;
+--------------------+-----------+---------------+----------------------+------------------------+------------+-----------------------------------------+
; 6:1                ; 2 bits    ; 8 LEs         ; 2 LEs                ; 6 LEs                  ; No         ; |ControlUnit|triscFSM1:inst|nextstate.M ;
+--------------------+-----------+---------------+----------------------+------------------------+------------+-----------------------------------------+


+-------------------------------------------------------------+
; Parameter Settings for User Entity Instance: triscFSM1:inst ;
+----------------+-------+------------------------------------+
; Parameter Name ; Value ; Type                               ;
+----------------+-------+------------------------------------+
; A              ; 00000 ; Unsigned Binary                    ;
; B              ; 00001 ; Unsigned Binary                    ;
; C              ; 00010 ; Unsigned Binary                    ;
; D              ; 00011 ; Unsigned Binary                    ;
; E              ; 00100 ; Unsigned Binary                    ;
; F              ; 00101 ; Unsigned Binary                    ;
; G              ; 00110 ; Unsigned Binary                    ;
; H              ; 00111 ; Unsigned Binary                    ;
; I              ; 01000 ; Unsigned Binary                    ;
; J              ; 01001 ; Unsigned Binary                    ;
; K              ; 01010 ; Unsigned Binary                    ;
; L              ; 01011 ; Unsigned Binary                    ;
; M              ; 01100 ; Unsigned Binary                    ;
; N              ; 01101 ; Unsigned Binary                    ;
; O              ; 01110 ; Unsigned Binary                    ;
; P              ; 01111 ; Unsigned Binary                    ;
; Q              ; 10000 ; Unsigned Binary                    ;
; R              ; 10001 ; Unsigned Binary                    ;
; S              ; 10010 ; Unsigned Binary                    ;
; T              ; 10011 ; Unsigned Binary                    ;
; U              ; 10100 ; Unsigned Binary                    ;
; V              ; 10101 ; Unsigned Binary                    ;
+----------------+-------+------------------------------------+
Note: In order to hide this table in the UI and the text report file, please set the "Show Parameter Settings in Synthesis Report" option in "Analysis and Synthesis Settings -> More Settings" to "Off".


+-------------------------------+
; Elapsed Time Per Partition    ;
+----------------+--------------+
; Partition Name ; Elapsed Time ;
+----------------+--------------+
; Top            ; 00:00:00     ;
+----------------+--------------+


+-------------------------------+
; Analysis & Synthesis Messages ;
+-------------------------------+
Info: *******************************************************************
Info: Running Quartus II 64-Bit Analysis & Synthesis
    Info: Version 13.0.1 Build 232 06/12/2013 Service Pack 1 SJ Web Edition
    Info: Processing started: Tue May 04 17:36:32 2021
Info: Command: quartus_map --read_settings_files=on --write_settings_files=off ControlUnit -c ControlUnit
Warning (20028): Parallel compilation is not licensed and has been disabled
Info (12021): Found 1 design units, including 1 entities, in source file /users/justu/desktop/spring 2021/cse 2441/lab10/labten.v
    Info (12023): Found entity 1: LabTen
Info (12021): Found 1 design units, including 1 entities, in source file /users/justu/desktop/spring 2021/cse 2441/controller/triscfsm1.v
    Info (12023): Found entity 1: triscFSM1
Info (12021): Found 1 design units, including 1 entities, in source file controlunit.bdf
    Info (12023): Found entity 1: ControlUnit
Info (12127): Elaborating entity "ControlUnit" for the top level hierarchy
Info (12128): Elaborating entity "triscFSM1" for hierarchy "triscFSM1:inst"
Warning (10240): Verilog HDL Always Construct warning at triscFSM1.v(9): inferring latch(es) for variable "nextstate", which holds its previous value in one or more paths through the always construct
Info (10041): Inferred latch for "nextstate.V" at triscFSM1.v(9)
Info (10041): Inferred latch for "nextstate.U" at triscFSM1.v(9)
Info (10041): Inferred latch for "nextstate.T" at triscFSM1.v(9)
Info (10041): Inferred latch for "nextstate.S" at triscFSM1.v(9)
Info (10041): Inferred latch for "nextstate.R" at triscFSM1.v(9)
Info (10041): Inferred latch for "nextstate.Q" at triscFSM1.v(9)
Info (10041): Inferred latch for "nextstate.P" at triscFSM1.v(9)
Info (10041): Inferred latch for "nextstate.O" at triscFSM1.v(9)
Info (10041): Inferred latch for "nextstate.N" at triscFSM1.v(9)
Info (10041): Inferred latch for "nextstate.M" at triscFSM1.v(9)
Info (10041): Inferred latch for "nextstate.L" at triscFSM1.v(9)
Info (10041): Inferred latch for "nextstate.K" at triscFSM1.v(9)
Info (10041): Inferred latch for "nextstate.J" at triscFSM1.v(9)
Info (10041): Inferred latch for "nextstate.I" at triscFSM1.v(9)
Info (10041): Inferred latch for "nextstate.H" at triscFSM1.v(9)
Info (10041): Inferred latch for "nextstate.G" at triscFSM1.v(9)
Info (10041): Inferred latch for "nextstate.F" at triscFSM1.v(9)
Info (10041): Inferred latch for "nextstate.E" at triscFSM1.v(9)
Info (10041): Inferred latch for "nextstate.D" at triscFSM1.v(9)
Info (10041): Inferred latch for "nextstate.C" at triscFSM1.v(9)
Info (10041): Inferred latch for "nextstate.B" at triscFSM1.v(9)
Info (10041): Inferred latch for "nextstate.A" at triscFSM1.v(9)
Info (12128): Elaborating entity "LabTen" for hierarchy "LabTen:inst2"
Warning (10270): Verilog HDL Case Statement warning at LabTen.v(5): incomplete case statement has no default case item
Warning (10240): Verilog HDL Always Construct warning at LabTen.v(4): inferring latch(es) for variable "LDA", which holds its previous value in one or more paths through the always construct
Warning (10240): Verilog HDL Always Construct warning at LabTen.v(4): inferring latch(es) for variable "STA", which holds its previous value in one or more paths through the always construct
Warning (10240): Verilog HDL Always Construct warning at LabTen.v(4): inferring latch(es) for variable "ADD", which holds its previous value in one or more paths through the always construct
Warning (10240): Verilog HDL Always Construct warning at LabTen.v(4): inferring latch(es) for variable "SUB", which holds its previous value in one or more paths through the always construct
Warning (10240): Verilog HDL Always Construct warning at LabTen.v(4): inferring latch(es) for variable "XOR", which holds its previous value in one or more paths through the always construct
Warning (10240): Verilog HDL Always Construct warning at LabTen.v(4): inferring latch(es) for variable "INC", which holds its previous value in one or more paths through the always construct
Warning (10240): Verilog HDL Always Construct warning at LabTen.v(4): inferring latch(es) for variable "CLR", which holds its previous value in one or more paths through the always construct
Warning (10240): Verilog HDL Always Construct warning at LabTen.v(4): inferring latch(es) for variable "JMP", which holds its previous value in one or more paths through the always construct
Warning (10240): Verilog HDL Always Construct warning at LabTen.v(4): inferring latch(es) for variable "JPZ", which holds its previous value in one or more paths through the always construct
Warning (10240): Verilog HDL Always Construct warning at LabTen.v(4): inferring latch(es) for variable "JPN", which holds its previous value in one or more paths through the always construct
Warning (10240): Verilog HDL Always Construct warning at LabTen.v(4): inferring latch(es) for variable "HLT", which holds its previous value in one or more paths through the always construct
Info (10041): Inferred latch for "HLT" at LabTen.v(4)
Info (10041): Inferred latch for "JPN" at LabTen.v(4)
Info (10041): Inferred latch for "JPZ" at LabTen.v(4)
Info (10041): Inferred latch for "JMP" at LabTen.v(4)
Info (10041): Inferred latch for "CLR" at LabTen.v(4)
Info (10041): Inferred latch for "INC" at LabTen.v(4)
Info (10041): Inferred latch for "XOR" at LabTen.v(4)
Info (10041): Inferred latch for "SUB" at LabTen.v(4)
Info (10041): Inferred latch for "ADD" at LabTen.v(4)
Info (10041): Inferred latch for "STA" at LabTen.v(4)
Info (10041): Inferred latch for "LDA" at LabTen.v(4)
Warning (13012): Latch LabTen:inst2|JMP has unsafe behavior
    Warning (13013): Ports D and ENA on the latch are fed by the same signal A
Warning (13012): Latch LabTen:inst2|CLR has unsafe behavior
    Warning (13013): Ports D and ENA on the latch are fed by the same signal A
Warning (13012): Latch LabTen:inst2|INC has unsafe behavior
    Warning (13013): Ports D and ENA on the latch are fed by the same signal A
Warning (13012): Latch LabTen:inst2|ADD has unsafe behavior
    Warning (13013): Ports D and ENA on the latch are fed by the same signal A
Warning (13012): Latch LabTen:inst2|STA has unsafe behavior
    Warning (13013): Ports D and ENA on the latch are fed by the same signal A
Warning (13012): Latch LabTen:inst2|LDA has unsafe behavior
    Warning (13013): Ports D and ENA on the latch are fed by the same signal A
Warning (13024): Output pins are stuck at VCC or GND
    Warning (13410): Pin "C10" is stuck at GND
    Warning (13410): Pin "C14" is stuck at GND
Info (17049): 5 registers lost all their fanouts during netlist optimizations.
Info (16010): Generating hard_block partition "hard_block:auto_generated_inst"
    Info (16011): Adding 0 node(s), including 0 DDIO, 0 PLL, 0 transceiver and 0 LCELL
Info (21057): Implemented 101 device resources after synthesis - the final resource count might be different
    Info (21058): Implemented 6 input pins
    Info (21059): Implemented 14 output pins
    Info (21061): Implemented 81 logic cells
Info: Quartus II 64-Bit Analysis & Synthesis was successful. 0 errors, 29 warnings
    Info: Peak virtual memory: 4598 megabytes
    Info: Processing ended: Tue May 04 17:36:33 2021
    Info: Elapsed time: 00:00:01
    Info: Total CPU time (on all processors): 00:00:01


